

CmdLine:	C:\Users\sakaguti\Documents\workspace2\PlantPrg\itpManagerInstall\Win\itpManager\itpManager2.exe --l4j-debug
WOW64:		no
Check launcher:	 (n/a)
64-bit search:	SOFTWARE\JavaSoft\Java Runtime Environment...
32-bit search:	SOFTWARE\JavaSoft\Java Runtime Environment...
Ignore:		SOFTWARE\JavaSoft\Java Runtime Environment\1.6
Match:		SOFTWARE\JavaSoft\Java Runtime Environment\1.6.0_30
64-bit search:	SOFTWARE\JavaSoft\Java Development Kit...
32-bit search:	SOFTWARE\JavaSoft\Java Development Kit...
Check launcher:	C:\Program Files\Java\jre6\bin\javaw.exe (OK)
Launcher:	C:\Program Files\Java\jre6\bin\javaw.exe
Launcher args:	-jar "C:\Users\sakaguti\Documents\workspace2\PlantPrg\itpManagerInstall\Win\itpManager\itpManager2.exe"
Args length:	103/32768 chars
Exit code:	0


CmdLine:	C:\Users\sakaguti\Documents\workspace2\PlantPrg\itpManagerInstall\Win\itpManager\itpManager2.exe --l4j-debug
WOW64:		no
Check launcher:	 (n/a)
64-bit search:	SOFTWARE\JavaSoft\Java Runtime Environment...
32-bit search:	SOFTWARE\JavaSoft\Java Runtime Environment...
Ignore:		SOFTWARE\JavaSoft\Java Runtime Environment\1.6
Match:		SOFTWARE\JavaSoft\Java Runtime Environment\1.6.0_30
64-bit search:	SOFTWARE\JavaSoft\Java Development Kit...
32-bit search:	SOFTWARE\JavaSoft\Java Development Kit...
Check launcher:	C:\Program Files\Java\jre6\bin\javaw.exe (OK)
Launcher:	C:\Program Files\Java\jre6\bin\javaw.exe
Launcher args:	-jar "C:\Users\sakaguti\Documents\workspace2\PlantPrg\itpManagerInstall\Win\itpManager\itpManager2.exe"
Args length:	103/32768 chars
Exit code:	0
