C:\Users\sakaguti\Desktop\workspace\itpManager\com\Win\capture\capture\capture\Debug\capture.exe.embed.manifest
C:\USERS\SAKAGUTI\DESKTOP\WORKSPACE\ITPMANAGER\COM\WIN\CAPTURE\CAPTURE\CAPTURE\DEBUG\CAPTURE.EXE.EMBED.MANIFEST.RES
C:\Users\sakaguti\Desktop\workspace\itpManager\com\Win\capture\capture\capture\Debug\capture.exe.intermediate.manifest
C:\USERS\SAKAGUTI\DESKTOP\WORKSPACE\ITPMANAGER\COM\WIN\CAPTURE\CAPTURE\CAPTURE\DEBUG\CAPTURE.OBJ
C:\USERS\SAKAGUTI\DESKTOP\WORKSPACE\ITPMANAGER\COM\WIN\CAPTURE\CAPTURE\CAPTURE\DEBUG\CAPTURE.PCH
C:\Users\sakaguti\Desktop\workspace\itpManager\com\Win\capture\capture\capture\Debug\capture_manifest.rc
C:\Users\sakaguti\Desktop\workspace\itpManager\com\Win\capture\capture\capture\Debug\cl.command.1.tlog
C:\Users\sakaguti\Desktop\workspace\itpManager\com\Win\capture\capture\capture\Debug\CL.read.1.tlog
C:\Users\sakaguti\Desktop\workspace\itpManager\com\Win\capture\capture\capture\Debug\CL.write.1.tlog
C:\Users\sakaguti\Desktop\workspace\itpManager\com\Win\capture\capture\capture\Debug\link.command.1.tlog
C:\Users\sakaguti\Desktop\workspace\itpManager\com\Win\capture\capture\capture\Debug\link.read.1.tlog
C:\Users\sakaguti\Desktop\workspace\itpManager\com\Win\capture\capture\capture\Debug\link.write.1.tlog
C:\Users\sakaguti\Desktop\workspace\itpManager\com\Win\capture\capture\capture\Debug\link-cvtres.read.1.tlog
C:\Users\sakaguti\Desktop\workspace\itpManager\com\Win\capture\capture\capture\Debug\link-cvtres.write.1.tlog
C:\Users\sakaguti\Desktop\workspace\itpManager\com\Win\capture\capture\capture\Debug\rc.command.1.tlog
C:\Users\sakaguti\Desktop\workspace\itpManager\com\Win\capture\capture\capture\Debug\rc.read.1.tlog
C:\Users\sakaguti\Desktop\workspace\itpManager\com\Win\capture\capture\capture\Debug\rc.write.1.tlog
C:\USERS\SAKAGUTI\DESKTOP\WORKSPACE\ITPMANAGER\COM\WIN\CAPTURE\CAPTURE\CAPTURE\DEBUG\STDAFX.OBJ
C:\Users\sakaguti\Desktop\workspace\itpManager\com\Win\capture\capture\capture\Debug\vc100.idb
C:\USERS\SAKAGUTI\DESKTOP\WORKSPACE\ITPMANAGER\COM\WIN\CAPTURE\CAPTURE\CAPTURE\DEBUG\VC100.PDB
C:\Users\sakaguti\Desktop\workspace\itpManager\com\Win\capture\capture\Debug\capture.pdb
