The system is: Darwin - 12.2.1 - i386
Compiling the C compiler identification source file "CMakeCCompilerId.c" succeeded.
Compiler: /usr/bin/gcc 
Build flags: 
Id flags: 

The output was:
0


Compilation of the C compiler identification source "CMakeCCompilerId.c" produced "a.out"

The C compiler identification is GNU, found in "/Users/sakaguti/Documents/workspace/itpManager/com/Mac/CMakeFiles/CompilerIdC/a.out"

Compiling the CXX compiler identification source file "CMakeCXXCompilerId.cpp" succeeded.
Compiler: /usr/bin/c++ 
Build flags: 
Id flags: 

The output was:
0


Compilation of the CXX compiler identification source "CMakeCXXCompilerId.cpp" produced "a.out"

The CXX compiler identification is Clang, found in "/Users/sakaguti/Documents/workspace/itpManager/com/Mac/CMakeFiles/CompilerIdCXX/a.out"

Determining if the C compiler works passed with the following output:
Change Dir: /Users/sakaguti/Documents/workspace/itpManager/com/Mac/CMakeFiles/CMakeTmp

Run Build Command:/opt/local/bin/gmake "cmTryCompileExec657412729/fast"
/opt/local/bin/gmake -f CMakeFiles/cmTryCompileExec657412729.dir/build.make CMakeFiles/cmTryCompileExec657412729.dir/build
gmake[1]: ディレクトリ `/Users/sakaguti/Documents/workspace/itpManager/com/Mac/CMakeFiles/CMakeTmp' に入ります
/opt/local/bin/cmake -E cmake_progress_report /Users/sakaguti/Documents/workspace/itpManager/com/Mac/CMakeFiles/CMakeTmp/CMakeFiles 1
Building C object CMakeFiles/cmTryCompileExec657412729.dir/testCCompiler.c.o
/usr/bin/gcc    -o CMakeFiles/cmTryCompileExec657412729.dir/testCCompiler.c.o   -c /Users/sakaguti/Documents/workspace/itpManager/com/Mac/CMakeFiles/CMakeTmp/testCCompiler.c
Linking C executable cmTryCompileExec657412729
/opt/local/bin/cmake -E cmake_link_script CMakeFiles/cmTryCompileExec657412729.dir/link.txt --verbose=1
/usr/bin/gcc      -Wl,-search_paths_first -Wl,-headerpad_max_install_names   CMakeFiles/cmTryCompileExec657412729.dir/testCCompiler.c.o  -o cmTryCompileExec657412729  
gmake[1]: ディレクトリ `/Users/sakaguti/Documents/workspace/itpManager/com/Mac/CMakeFiles/CMakeTmp' から出ます


Detecting C compiler ABI info compiled with the following output:
Change Dir: /Users/sakaguti/Documents/workspace/itpManager/com/Mac/CMakeFiles/CMakeTmp

Run Build Command:/opt/local/bin/gmake "cmTryCompileExec4154457897/fast"
/opt/local/bin/gmake -f CMakeFiles/cmTryCompileExec4154457897.dir/build.make CMakeFiles/cmTryCompileExec4154457897.dir/build
gmake[1]: ディレクトリ `/Users/sakaguti/Documents/workspace/itpManager/com/Mac/CMakeFiles/CMakeTmp' に入ります
/opt/local/bin/cmake -E cmake_progress_report /Users/sakaguti/Documents/workspace/itpManager/com/Mac/CMakeFiles/CMakeTmp/CMakeFiles 1
Building C object CMakeFiles/cmTryCompileExec4154457897.dir/CMakeCCompilerABI.c.o
/usr/bin/gcc    -o CMakeFiles/cmTryCompileExec4154457897.dir/CMakeCCompilerABI.c.o   -c /opt/local/share/cmake-2.8/Modules/CMakeCCompilerABI.c
Linking C executable cmTryCompileExec4154457897
/opt/local/bin/cmake -E cmake_link_script CMakeFiles/cmTryCompileExec4154457897.dir/link.txt --verbose=1
/usr/bin/gcc      -Wl,-search_paths_first -Wl,-headerpad_max_install_names -v CMakeFiles/cmTryCompileExec4154457897.dir/CMakeCCompilerABI.c.o  -o cmTryCompileExec4154457897   
Using built-in specs.
Target: i686-apple-darwin11
Configured with: /private/var/tmp/llvmgcc42/llvmgcc42-2336.11~67/src/configure --disable-checking --enable-werror --prefix=/Applications/Xcode.app/Contents/Developer/usr/llvm-gcc-4.2 --mandir=/share/man --enable-languages=c,objc,c++,obj-c++ --program-prefix=llvm- --program-transform-name=/^[cg][^.-]*$/s/$/-4.2/ --with-slibdir=/usr/lib --build=i686-apple-darwin11 --enable-llvm=/private/var/tmp/llvmgcc42/llvmgcc42-2336.11~67/dst-llvmCore/Developer/usr/local --program-prefix=i686-apple-darwin11- --host=x86_64-apple-darwin11 --target=i686-apple-darwin11 --with-gxx-include-dir=/usr/include/c++/4.2.1
Thread model: posix
gcc version 4.2.1 (Based on Apple Inc. build 5658) (LLVM build 2336.11.00)
 /usr/llvm-gcc-4.2/bin/../libexec/gcc/i686-apple-darwin11/4.2.1/collect2 -dynamic -arch x86_64 -macosx_version_min 10.8.2 -weak_reference_mismatches non-weak -o cmTryCompileExec4154457897 -lcrt1.10.6.o -L/usr/llvm-gcc-4.2/bin/../lib/gcc/i686-apple-darwin11/4.2.1/x86_64 -L/Applications/Xcode.app/Contents/Developer/usr/llvm-gcc-4.2/lib/gcc/i686-apple-darwin11/4.2.1/x86_64 -L/usr/llvm-gcc-4.2/bin/../lib/gcc/i686-apple-darwin11/4.2.1 -L/usr/llvm-gcc-4.2/bin/../lib/gcc -L/Applications/Xcode.app/Contents/Developer/usr/llvm-gcc-4.2/lib/gcc/i686-apple-darwin11/4.2.1 -L/usr/llvm-gcc-4.2/bin/../lib/gcc/i686-apple-darwin11/4.2.1/../../.. -L/Applications/Xcode.app/Contents/Developer/usr/llvm-gcc-4.2/lib/gcc/i686-apple-darwin11/4.2.1/../../.. -search_paths_first -headerpad_max_install_names CMakeFiles/cmTryCompileExec4154457897.dir/CMakeCCompilerABI.c.o -lSystem -lgcc -lSystem
gmake[1]: ディレクトリ `/Users/sakaguti/Documents/workspace/itpManager/com/Mac/CMakeFiles/CMakeTmp' から出ます


Parsed C implicit link information from above output:
  link line regex: [^( *|.*[/\])(ld|ld|collect2)[^/\]*( |$)]
  ignore line: [Change Dir: /Users/sakaguti/Documents/workspace/itpManager/com/Mac/CMakeFiles/CMakeTmp]
  ignore line: []
  ignore line: [Run Build Command:/opt/local/bin/gmake "cmTryCompileExec4154457897/fast"]
  ignore line: [/opt/local/bin/gmake -f CMakeFiles/cmTryCompileExec4154457897.dir/build.make CMakeFiles/cmTryCompileExec4154457897.dir/build]
  ignore line: [gmake[1]: ディレクトリ `/Users/sakaguti/Documents/workspace/itpManager/com/Mac/CMakeFiles/CMakeTmp' に入ります]
  ignore line: [/opt/local/bin/cmake -E cmake_progress_report /Users/sakaguti/Documents/workspace/itpManager/com/Mac/CMakeFiles/CMakeTmp/CMakeFiles 1]
  ignore line: [Building C object CMakeFiles/cmTryCompileExec4154457897.dir/CMakeCCompilerABI.c.o]
  ignore line: [/usr/bin/gcc    -o CMakeFiles/cmTryCompileExec4154457897.dir/CMakeCCompilerABI.c.o   -c /opt/local/share/cmake-2.8/Modules/CMakeCCompilerABI.c]
  ignore line: [Linking C executable cmTryCompileExec4154457897]
  ignore line: [/opt/local/bin/cmake -E cmake_link_script CMakeFiles/cmTryCompileExec4154457897.dir/link.txt --verbose=1]
  ignore line: [/usr/bin/gcc      -Wl,-search_paths_first -Wl,-headerpad_max_install_names -v CMakeFiles/cmTryCompileExec4154457897.dir/CMakeCCompilerABI.c.o  -o cmTryCompileExec4154457897   ]
  ignore line: [Using built-in specs.]
  ignore line: [Target: i686-apple-darwin11]
  ignore line: [Configured with: /private/var/tmp/llvmgcc42/llvmgcc42-2336.11~67/src/configure --disable-checking --enable-werror --prefix=/Applications/Xcode.app/Contents/Developer/usr/llvm-gcc-4.2 --mandir=/share/man --enable-languages=c,objc,c++,obj-c++ --program-prefix=llvm- --program-transform-name=/^[cg][^.-]*$/s/$/-4.2/ --with-slibdir=/usr/lib --build=i686-apple-darwin11 --enable-llvm=/private/var/tmp/llvmgcc42/llvmgcc42-2336.11~67/dst-llvmCore/Developer/usr/local --program-prefix=i686-apple-darwin11- --host=x86_64-apple-darwin11 --target=i686-apple-darwin11 --with-gxx-include-dir=/usr/include/c++/4.2.1]
  ignore line: [Thread model: posix]
  ignore line: [gcc version 4.2.1 (Based on Apple Inc. build 5658) (LLVM build 2336.11.00)]
  link line: [ /usr/llvm-gcc-4.2/bin/../libexec/gcc/i686-apple-darwin11/4.2.1/collect2 -dynamic -arch x86_64 -macosx_version_min 10.8.2 -weak_reference_mismatches non-weak -o cmTryCompileExec4154457897 -lcrt1.10.6.o -L/usr/llvm-gcc-4.2/bin/../lib/gcc/i686-apple-darwin11/4.2.1/x86_64 -L/Applications/Xcode.app/Contents/Developer/usr/llvm-gcc-4.2/lib/gcc/i686-apple-darwin11/4.2.1/x86_64 -L/usr/llvm-gcc-4.2/bin/../lib/gcc/i686-apple-darwin11/4.2.1 -L/usr/llvm-gcc-4.2/bin/../lib/gcc -L/Applications/Xcode.app/Contents/Developer/usr/llvm-gcc-4.2/lib/gcc/i686-apple-darwin11/4.2.1 -L/usr/llvm-gcc-4.2/bin/../lib/gcc/i686-apple-darwin11/4.2.1/../../.. -L/Applications/Xcode.app/Contents/Developer/usr/llvm-gcc-4.2/lib/gcc/i686-apple-darwin11/4.2.1/../../.. -search_paths_first -headerpad_max_install_names CMakeFiles/cmTryCompileExec4154457897.dir/CMakeCCompilerABI.c.o -lSystem -lgcc -lSystem]
    arg [/usr/llvm-gcc-4.2/bin/../libexec/gcc/i686-apple-darwin11/4.2.1/collect2] ==> ignore
    arg [-dynamic] ==> ignore
    arg [-arch] ==> ignore
    arg [x86_64] ==> ignore
    arg [-macosx_version_min] ==> ignore
    arg [10.8.2] ==> ignore
    arg [-weak_reference_mismatches] ==> ignore
    arg [non-weak] ==> ignore
    arg [-o] ==> ignore
    arg [cmTryCompileExec4154457897] ==> ignore
    arg [-lcrt1.10.6.o] ==> lib [crt1.10.6.o]
    arg [-L/usr/llvm-gcc-4.2/bin/../lib/gcc/i686-apple-darwin11/4.2.1/x86_64] ==> dir [/usr/llvm-gcc-4.2/bin/../lib/gcc/i686-apple-darwin11/4.2.1/x86_64]
    arg [-L/Applications/Xcode.app/Contents/Developer/usr/llvm-gcc-4.2/lib/gcc/i686-apple-darwin11/4.2.1/x86_64] ==> dir [/Applications/Xcode.app/Contents/Developer/usr/llvm-gcc-4.2/lib/gcc/i686-apple-darwin11/4.2.1/x86_64]
    arg [-L/usr/llvm-gcc-4.2/bin/../lib/gcc/i686-apple-darwin11/4.2.1] ==> dir [/usr/llvm-gcc-4.2/bin/../lib/gcc/i686-apple-darwin11/4.2.1]
    arg [-L/usr/llvm-gcc-4.2/bin/../lib/gcc] ==> dir [/usr/llvm-gcc-4.2/bin/../lib/gcc]
    arg [-L/Applications/Xcode.app/Contents/Developer/usr/llvm-gcc-4.2/lib/gcc/i686-apple-darwin11/4.2.1] ==> dir [/Applications/Xcode.app/Contents/Developer/usr/llvm-gcc-4.2/lib/gcc/i686-apple-darwin11/4.2.1]
    arg [-L/usr/llvm-gcc-4.2/bin/../lib/gcc/i686-apple-darwin11/4.2.1/../../..] ==> dir [/usr/llvm-gcc-4.2/bin/../lib/gcc/i686-apple-darwin11/4.2.1/../../..]
    arg [-L/Applications/Xcode.app/Contents/Developer/usr/llvm-gcc-4.2/lib/gcc/i686-apple-darwin11/4.2.1/../../..] ==> dir [/Applications/Xcode.app/Contents/Developer/usr/llvm-gcc-4.2/lib/gcc/i686-apple-darwin11/4.2.1/../../..]
    arg [-search_paths_first] ==> ignore
    arg [-headerpad_max_install_names] ==> ignore
    arg [CMakeFiles/cmTryCompileExec4154457897.dir/CMakeCCompilerABI.c.o] ==> ignore
    arg [-lSystem] ==> lib [System]
    arg [-lgcc] ==> lib [gcc]
    arg [-lSystem] ==> lib [System]
  remove lib [crt1.10.6.o]
  remove lib [System]
  remove lib [gcc]
  remove lib [System]
  collapse dir [/usr/llvm-gcc-4.2/bin/../lib/gcc/i686-apple-darwin11/4.2.1/x86_64] ==> [/usr/llvm-gcc-4.2/lib/gcc/i686-apple-darwin11/4.2.1/x86_64]
  collapse dir [/Applications/Xcode.app/Contents/Developer/usr/llvm-gcc-4.2/lib/gcc/i686-apple-darwin11/4.2.1/x86_64] ==> [/Applications/Xcode.app/Contents/Developer/usr/llvm-gcc-4.2/lib/gcc/i686-apple-darwin11/4.2.1/x86_64]
  collapse dir [/usr/llvm-gcc-4.2/bin/../lib/gcc/i686-apple-darwin11/4.2.1] ==> [/usr/llvm-gcc-4.2/lib/gcc/i686-apple-darwin11/4.2.1]
  collapse dir [/usr/llvm-gcc-4.2/bin/../lib/gcc] ==> [/usr/llvm-gcc-4.2/lib/gcc]
  collapse dir [/Applications/Xcode.app/Contents/Developer/usr/llvm-gcc-4.2/lib/gcc/i686-apple-darwin11/4.2.1] ==> [/Applications/Xcode.app/Contents/Developer/usr/llvm-gcc-4.2/lib/gcc/i686-apple-darwin11/4.2.1]
  collapse dir [/usr/llvm-gcc-4.2/bin/../lib/gcc/i686-apple-darwin11/4.2.1/../../..] ==> [/usr/llvm-gcc-4.2/lib]
  collapse dir [/Applications/Xcode.app/Contents/Developer/usr/llvm-gcc-4.2/lib/gcc/i686-apple-darwin11/4.2.1/../../..] ==> [/Applications/Xcode.app/Contents/Developer/usr/llvm-gcc-4.2/lib]
  implicit libs: []
  implicit dirs: [/usr/llvm-gcc-4.2/lib/gcc/i686-apple-darwin11/4.2.1/x86_64;/Applications/Xcode.app/Contents/Developer/usr/llvm-gcc-4.2/lib/gcc/i686-apple-darwin11/4.2.1/x86_64;/usr/llvm-gcc-4.2/lib/gcc/i686-apple-darwin11/4.2.1;/usr/llvm-gcc-4.2/lib/gcc;/Applications/Xcode.app/Contents/Developer/usr/llvm-gcc-4.2/lib/gcc/i686-apple-darwin11/4.2.1;/usr/llvm-gcc-4.2/lib;/Applications/Xcode.app/Contents/Developer/usr/llvm-gcc-4.2/lib]


Determining if the CXX compiler works passed with the following output:
Change Dir: /Users/sakaguti/Documents/workspace/itpManager/com/Mac/CMakeFiles/CMakeTmp

Run Build Command:/opt/local/bin/gmake "cmTryCompileExec469604857/fast"
/opt/local/bin/gmake -f CMakeFiles/cmTryCompileExec469604857.dir/build.make CMakeFiles/cmTryCompileExec469604857.dir/build
gmake[1]: ディレクトリ `/Users/sakaguti/Documents/workspace/itpManager/com/Mac/CMakeFiles/CMakeTmp' に入ります
/opt/local/bin/cmake -E cmake_progress_report /Users/sakaguti/Documents/workspace/itpManager/com/Mac/CMakeFiles/CMakeTmp/CMakeFiles 1
Building CXX object CMakeFiles/cmTryCompileExec469604857.dir/testCXXCompiler.cxx.o
/usr/bin/c++     -o CMakeFiles/cmTryCompileExec469604857.dir/testCXXCompiler.cxx.o -c /Users/sakaguti/Documents/workspace/itpManager/com/Mac/CMakeFiles/CMakeTmp/testCXXCompiler.cxx
Linking CXX executable cmTryCompileExec469604857
/opt/local/bin/cmake -E cmake_link_script CMakeFiles/cmTryCompileExec469604857.dir/link.txt --verbose=1
/usr/bin/c++       -Wl,-search_paths_first -Wl,-headerpad_max_install_names   CMakeFiles/cmTryCompileExec469604857.dir/testCXXCompiler.cxx.o  -o cmTryCompileExec469604857  
gmake[1]: ディレクトリ `/Users/sakaguti/Documents/workspace/itpManager/com/Mac/CMakeFiles/CMakeTmp' から出ます


Detecting CXX compiler ABI info compiled with the following output:
Change Dir: /Users/sakaguti/Documents/workspace/itpManager/com/Mac/CMakeFiles/CMakeTmp

Run Build Command:/opt/local/bin/gmake "cmTryCompileExec3118452560/fast"
/opt/local/bin/gmake -f CMakeFiles/cmTryCompileExec3118452560.dir/build.make CMakeFiles/cmTryCompileExec3118452560.dir/build
gmake[1]: ディレクトリ `/Users/sakaguti/Documents/workspace/itpManager/com/Mac/CMakeFiles/CMakeTmp' に入ります
/opt/local/bin/cmake -E cmake_progress_report /Users/sakaguti/Documents/workspace/itpManager/com/Mac/CMakeFiles/CMakeTmp/CMakeFiles 1
Building CXX object CMakeFiles/cmTryCompileExec3118452560.dir/CMakeCXXCompilerABI.cpp.o
/usr/bin/c++     -o CMakeFiles/cmTryCompileExec3118452560.dir/CMakeCXXCompilerABI.cpp.o -c /opt/local/share/cmake-2.8/Modules/CMakeCXXCompilerABI.cpp
Linking CXX executable cmTryCompileExec3118452560
/opt/local/bin/cmake -E cmake_link_script CMakeFiles/cmTryCompileExec3118452560.dir/link.txt --verbose=1
/usr/bin/c++       -Wl,-search_paths_first -Wl,-headerpad_max_install_names -v CMakeFiles/cmTryCompileExec3118452560.dir/CMakeCXXCompilerABI.cpp.o  -o cmTryCompileExec3118452560   
Apple clang version 4.1 (tags/Apple/clang-421.11.66) (based on LLVM 3.1svn)
Target: x86_64-apple-darwin12.2.1
Thread model: posix
 "/usr/bin/ld" -demangle -dynamic -arch x86_64 -macosx_version_min 10.8.0 -o cmTryCompileExec3118452560 -search_paths_first -headerpad_max_install_names CMakeFiles/cmTryCompileExec3118452560.dir/CMakeCXXCompilerABI.cpp.o -lstdc++ -lSystem /usr/bin/../lib/clang/4.1/lib/darwin/libclang_rt.osx.a
gmake[1]: ディレクトリ `/Users/sakaguti/Documents/workspace/itpManager/com/Mac/CMakeFiles/CMakeTmp' から出ます


Parsed CXX implicit link information from above output:
  link line regex: [^( *|.*[/\])(ld|ld|collect2)[^/\]*( |$)]
  ignore line: [Change Dir: /Users/sakaguti/Documents/workspace/itpManager/com/Mac/CMakeFiles/CMakeTmp]
  ignore line: []
  ignore line: [Run Build Command:/opt/local/bin/gmake "cmTryCompileExec3118452560/fast"]
  ignore line: [/opt/local/bin/gmake -f CMakeFiles/cmTryCompileExec3118452560.dir/build.make CMakeFiles/cmTryCompileExec3118452560.dir/build]
  ignore line: [gmake[1]: ディレクトリ `/Users/sakaguti/Documents/workspace/itpManager/com/Mac/CMakeFiles/CMakeTmp' に入ります]
  ignore line: [/opt/local/bin/cmake -E cmake_progress_report /Users/sakaguti/Documents/workspace/itpManager/com/Mac/CMakeFiles/CMakeTmp/CMakeFiles 1]
  ignore line: [Building CXX object CMakeFiles/cmTryCompileExec3118452560.dir/CMakeCXXCompilerABI.cpp.o]
  ignore line: [/usr/bin/c++     -o CMakeFiles/cmTryCompileExec3118452560.dir/CMakeCXXCompilerABI.cpp.o -c /opt/local/share/cmake-2.8/Modules/CMakeCXXCompilerABI.cpp]
  ignore line: [Linking CXX executable cmTryCompileExec3118452560]
  ignore line: [/opt/local/bin/cmake -E cmake_link_script CMakeFiles/cmTryCompileExec3118452560.dir/link.txt --verbose=1]
  ignore line: [/usr/bin/c++       -Wl,-search_paths_first -Wl,-headerpad_max_install_names -v CMakeFiles/cmTryCompileExec3118452560.dir/CMakeCXXCompilerABI.cpp.o  -o cmTryCompileExec3118452560   ]
  ignore line: [Apple clang version 4.1 (tags/Apple/clang-421.11.66) (based on LLVM 3.1svn)]
  ignore line: [Target: x86_64-apple-darwin12.2.1]
  ignore line: [Thread model: posix]
  link line: [ "/usr/bin/ld" -demangle -dynamic -arch x86_64 -macosx_version_min 10.8.0 -o cmTryCompileExec3118452560 -search_paths_first -headerpad_max_install_names CMakeFiles/cmTryCompileExec3118452560.dir/CMakeCXXCompilerABI.cpp.o -lstdc++ -lSystem /usr/bin/../lib/clang/4.1/lib/darwin/libclang_rt.osx.a]
    arg [/usr/bin/ld] ==> ignore
    arg [-demangle] ==> ignore
    arg [-dynamic] ==> ignore
    arg [-arch] ==> ignore
    arg [x86_64] ==> ignore
    arg [-macosx_version_min] ==> ignore
    arg [10.8.0] ==> ignore
    arg [-o] ==> ignore
    arg [cmTryCompileExec3118452560] ==> ignore
    arg [-search_paths_first] ==> ignore
    arg [-headerpad_max_install_names] ==> ignore
    arg [CMakeFiles/cmTryCompileExec3118452560.dir/CMakeCXXCompilerABI.cpp.o] ==> ignore
    arg [-lstdc++] ==> lib [stdc++]
    arg [-lSystem] ==> lib [System]
    arg [/usr/bin/../lib/clang/4.1/lib/darwin/libclang_rt.osx.a] ==> lib [/usr/bin/../lib/clang/4.1/lib/darwin/libclang_rt.osx.a]
  remove lib [System]
  implicit libs: [stdc++;/usr/bin/../lib/clang/4.1/lib/darwin/libclang_rt.osx.a]
  implicit dirs: []


